<?xml version="1.0" encoding="UTF-8"?>
<testsuite xmlns:xsi="http://www.w3.org/2001/XMLSchema-instance" xsi:noNamespaceSchemaLocation="https://maven.apache.org/surefire/maven-surefire-plugin/xsd/surefire-test-report.xsd" name="com.aldeamo.test.TestApplicationTests" time="4.904" tests="1" errors="0" skipped="0" failures="0">
  <properties>
    <property name="sun.desktop" value="windows"/>
    <property name="awt.toolkit" value="sun.awt.windows.WToolkit"/>
    <property name="file.encoding.pkg" value="sun.io"/>
    <property name="java.specification.version" value="1.8"/>
    <property name="sun.cpu.isalist" value="amd64"/>
    <property name="sun.jnu.encoding" value="Cp1252"/>
    <property name="java.class.path" value="E:\Soporte pagos\Dixon\TrabajoRemoto\aldeamo\test\target\test-classes;E:\Soporte pagos\Dixon\TrabajoRemoto\aldeamo\test\target\classes;E:\Soporte pagos\Dixon\TrabajoRemoto\aldeamo\repository\org\springframework\boot\spring-boot-starter-data-jpa\2.7.1\spring-boot-starter-data-jpa-2.7.1.jar;E:\Soporte pagos\Dixon\TrabajoRemoto\aldeamo\repository\org\springframework\boot\spring-boot-starter-aop\2.7.1\spring-boot-starter-aop-2.7.1.jar;E:\Soporte pagos\Dixon\TrabajoRemoto\aldeamo\repository\org\springframework\spring-aop\5.3.21\spring-aop-5.3.21.jar;E:\Soporte pagos\Dixon\TrabajoRemoto\aldeamo\repository\org\aspectj\aspectjweaver\1.9.7\aspectjweaver-1.9.7.jar;E:\Soporte pagos\Dixon\TrabajoRemoto\aldeamo\repository\org\springframework\boot\spring-boot-starter-jdbc\2.7.1\spring-boot-starter-jdbc-2.7.1.jar;E:\Soporte pagos\Dixon\TrabajoRemoto\aldeamo\repository\com\zaxxer\HikariCP\4.0.3\HikariCP-4.0.3.jar;E:\Soporte pagos\Dixon\TrabajoRemoto\aldeamo\repository\org\springframework\spring-jdbc\5.3.21\spring-jdbc-5.3.21.jar;E:\Soporte pagos\Dixon\TrabajoRemoto\aldeamo\repository\jakarta\transaction\jakarta.transaction-api\1.3.3\jakarta.transaction-api-1.3.3.jar;E:\Soporte pagos\Dixon\TrabajoRemoto\aldeamo\repository\jakarta\persistence\jakarta.persistence-api\2.2.3\jakarta.persistence-api-2.2.3.jar;E:\Soporte pagos\Dixon\TrabajoRemoto\aldeamo\repository\org\hibernate\hibernate-core\5.6.9.Final\hibernate-core-5.6.9.Final.jar;E:\Soporte pagos\Dixon\TrabajoRemoto\aldeamo\repository\org\jboss\logging\jboss-logging\3.4.3.Final\jboss-logging-3.4.3.Final.jar;E:\Soporte pagos\Dixon\TrabajoRemoto\aldeamo\repository\net\bytebuddy\byte-buddy\1.12.11\byte-buddy-1.12.11.jar;E:\Soporte pagos\Dixon\TrabajoRemoto\aldeamo\repository\antlr\antlr\2.7.7\antlr-2.7.7.jar;E:\Soporte pagos\Dixon\TrabajoRemoto\aldeamo\repository\org\jboss\jandex\2.4.2.Final\jandex-2.4.2.Final.jar;E:\Soporte pagos\Dixon\TrabajoRemoto\aldeamo\repository\com\fasterxml\classmate\1.5.1\classmate-1.5.1.jar;E:\Soporte pagos\Dixon\TrabajoRemoto\aldeamo\repository\org\hibernate\common\hibernate-commons-annotations\5.1.2.Final\hibernate-commons-annotations-5.1.2.Final.jar;E:\Soporte pagos\Dixon\TrabajoRemoto\aldeamo\repository\org\glassfish\jaxb\jaxb-runtime\2.3.6\jaxb-runtime-2.3.6.jar;E:\Soporte pagos\Dixon\TrabajoRemoto\aldeamo\repository\org\glassfish\jaxb\txw2\2.3.6\txw2-2.3.6.jar;E:\Soporte pagos\Dixon\TrabajoRemoto\aldeamo\repository\com\sun\istack\istack-commons-runtime\3.0.12\istack-commons-runtime-3.0.12.jar;E:\Soporte pagos\Dixon\TrabajoRemoto\aldeamo\repository\com\sun\activation\jakarta.activation\1.2.2\jakarta.activation-1.2.2.jar;E:\Soporte pagos\Dixon\TrabajoRemoto\aldeamo\repository\org\springframework\data\spring-data-jpa\2.7.1\spring-data-jpa-2.7.1.jar;E:\Soporte pagos\Dixon\TrabajoRemoto\aldeamo\repository\org\springframework\data\spring-data-commons\2.7.1\spring-data-commons-2.7.1.jar;E:\Soporte pagos\Dixon\TrabajoRemoto\aldeamo\repository\org\springframework\spring-orm\5.3.21\spring-orm-5.3.21.jar;E:\Soporte pagos\Dixon\TrabajoRemoto\aldeamo\repository\org\springframework\spring-context\5.3.21\spring-context-5.3.21.jar;E:\Soporte pagos\Dixon\TrabajoRemoto\aldeamo\repository\org\springframework\spring-tx\5.3.21\spring-tx-5.3.21.jar;E:\Soporte pagos\Dixon\TrabajoRemoto\aldeamo\repository\org\springframework\spring-beans\5.3.21\spring-beans-5.3.21.jar;E:\Soporte pagos\Dixon\TrabajoRemoto\aldeamo\repository\org\slf4j\slf4j-api\1.7.36\slf4j-api-1.7.36.jar;E:\Soporte pagos\Dixon\TrabajoRemoto\aldeamo\repository\org\springframework\spring-aspects\5.3.21\spring-aspects-5.3.21.jar;E:\Soporte pagos\Dixon\TrabajoRemoto\aldeamo\repository\org\springframework\boot\spring-boot-starter-web\2.7.1\spring-boot-starter-web-2.7.1.jar;E:\Soporte pagos\Dixon\TrabajoRemoto\aldeamo\repository\org\springframework\boot\spring-boot-starter\2.7.1\spring-boot-starter-2.7.1.jar;E:\Soporte pagos\Dixon\TrabajoRemoto\aldeamo\repository\org\springframework\boot\spring-boot\2.7.1\spring-boot-2.7.1.jar;E:\Soporte pagos\Dixon\TrabajoRemoto\aldeamo\repository\org\springframework\boot\spring-boot-autoconfigure\2.7.1\spring-boot-autoconfigure-2.7.1.jar;E:\Soporte pagos\Dixon\TrabajoRemoto\aldeamo\repository\org\springframework\boot\spring-boot-starter-logging\2.7.1\spring-boot-starter-logging-2.7.1.jar;E:\Soporte pagos\Dixon\TrabajoRemoto\aldeamo\repository\ch\qos\logback\logback-classic\1.2.11\logback-classic-1.2.11.jar;E:\Soporte pagos\Dixon\TrabajoRemoto\aldeamo\repository\ch\qos\logback\logback-core\1.2.11\logback-core-1.2.11.jar;E:\Soporte pagos\Dixon\TrabajoRemoto\aldeamo\repository\org\apache\logging\log4j\log4j-to-slf4j\2.17.2\log4j-to-slf4j-2.17.2.jar;E:\Soporte pagos\Dixon\TrabajoRemoto\aldeamo\repository\org\apache\logging\log4j\log4j-api\2.17.2\log4j-api-2.17.2.jar;E:\Soporte pagos\Dixon\TrabajoRemoto\aldeamo\repository\org\slf4j\jul-to-slf4j\1.7.36\jul-to-slf4j-1.7.36.jar;E:\Soporte pagos\Dixon\TrabajoRemoto\aldeamo\repository\jakarta\annotation\jakarta.annotation-api\1.3.5\jakarta.annotation-api-1.3.5.jar;E:\Soporte pagos\Dixon\TrabajoRemoto\aldeamo\repository\org\yaml\snakeyaml\1.30\snakeyaml-1.30.jar;E:\Soporte pagos\Dixon\TrabajoRemoto\aldeamo\repository\org\springframework\boot\spring-boot-starter-json\2.7.1\spring-boot-starter-json-2.7.1.jar;E:\Soporte pagos\Dixon\TrabajoRemoto\aldeamo\repository\com\fasterxml\jackson\core\jackson-databind\2.13.3\jackson-databind-2.13.3.jar;E:\Soporte pagos\Dixon\TrabajoRemoto\aldeamo\repository\com\fasterxml\jackson\core\jackson-annotations\2.13.3\jackson-annotations-2.13.3.jar;E:\Soporte pagos\Dixon\TrabajoRemoto\aldeamo\repository\com\fasterxml\jackson\core\jackson-core\2.13.3\jackson-core-2.13.3.jar;E:\Soporte pagos\Dixon\TrabajoRemoto\aldeamo\repository\com\fasterxml\jackson\datatype\jackson-datatype-jdk8\2.13.3\jackson-datatype-jdk8-2.13.3.jar;E:\Soporte pagos\Dixon\TrabajoRemoto\aldeamo\repository\com\fasterxml\jackson\datatype\jackson-datatype-jsr310\2.13.3\jackson-datatype-jsr310-2.13.3.jar;E:\Soporte pagos\Dixon\TrabajoRemoto\aldeamo\repository\com\fasterxml\jackson\module\jackson-module-parameter-names\2.13.3\jackson-module-parameter-names-2.13.3.jar;E:\Soporte pagos\Dixon\TrabajoRemoto\aldeamo\repository\org\springframework\boot\spring-boot-starter-tomcat\2.7.1\spring-boot-starter-tomcat-2.7.1.jar;E:\Soporte pagos\Dixon\TrabajoRemoto\aldeamo\repository\org\apache\tomcat\embed\tomcat-embed-core\9.0.64\tomcat-embed-core-9.0.64.jar;E:\Soporte pagos\Dixon\TrabajoRemoto\aldeamo\repository\org\apache\tomcat\embed\tomcat-embed-el\9.0.64\tomcat-embed-el-9.0.64.jar;E:\Soporte pagos\Dixon\TrabajoRemoto\aldeamo\repository\org\apache\tomcat\embed\tomcat-embed-websocket\9.0.64\tomcat-embed-websocket-9.0.64.jar;E:\Soporte pagos\Dixon\TrabajoRemoto\aldeamo\repository\org\springframework\spring-web\5.3.21\spring-web-5.3.21.jar;E:\Soporte pagos\Dixon\TrabajoRemoto\aldeamo\repository\org\springframework\spring-webmvc\5.3.21\spring-webmvc-5.3.21.jar;E:\Soporte pagos\Dixon\TrabajoRemoto\aldeamo\repository\org\springframework\spring-expression\5.3.21\spring-expression-5.3.21.jar;E:\Soporte pagos\Dixon\TrabajoRemoto\aldeamo\repository\com\h2database\h2\2.1.214\h2-2.1.214.jar;E:\Soporte pagos\Dixon\TrabajoRemoto\aldeamo\repository\org\springframework\boot\spring-boot-starter-test\2.7.1\spring-boot-starter-test-2.7.1.jar;E:\Soporte pagos\Dixon\TrabajoRemoto\aldeamo\repository\org\springframework\boot\spring-boot-test\2.7.1\spring-boot-test-2.7.1.jar;E:\Soporte pagos\Dixon\TrabajoRemoto\aldeamo\repository\org\springframework\boot\spring-boot-test-autoconfigure\2.7.1\spring-boot-test-autoconfigure-2.7.1.jar;E:\Soporte pagos\Dixon\TrabajoRemoto\aldeamo\repository\com\jayway\jsonpath\json-path\2.7.0\json-path-2.7.0.jar;E:\Soporte pagos\Dixon\TrabajoRemoto\aldeamo\repository\net\minidev\json-smart\2.4.8\json-smart-2.4.8.jar;E:\Soporte pagos\Dixon\TrabajoRemoto\aldeamo\repository\net\minidev\accessors-smart\2.4.8\accessors-smart-2.4.8.jar;E:\Soporte pagos\Dixon\TrabajoRemoto\aldeamo\repository\org\ow2\asm\asm\9.1\asm-9.1.jar;E:\Soporte pagos\Dixon\TrabajoRemoto\aldeamo\repository\jakarta\xml\bind\jakarta.xml.bind-api\2.3.3\jakarta.xml.bind-api-2.3.3.jar;E:\Soporte pagos\Dixon\TrabajoRemoto\aldeamo\repository\jakarta\activation\jakarta.activation-api\1.2.2\jakarta.activation-api-1.2.2.jar;E:\Soporte pagos\Dixon\TrabajoRemoto\aldeamo\repository\org\assertj\assertj-core\3.22.0\assertj-core-3.22.0.jar;E:\Soporte pagos\Dixon\TrabajoRemoto\aldeamo\repository\org\hamcrest\hamcrest\2.2\hamcrest-2.2.jar;E:\Soporte pagos\Dixon\TrabajoRemoto\aldeamo\repository\org\junit\jupiter\junit-jupiter\5.8.2\junit-jupiter-5.8.2.jar;E:\Soporte pagos\Dixon\TrabajoRemoto\aldeamo\repository\org\junit\jupiter\junit-jupiter-api\5.8.2\junit-jupiter-api-5.8.2.jar;E:\Soporte pagos\Dixon\TrabajoRemoto\aldeamo\repository\org\opentest4j\opentest4j\1.2.0\opentest4j-1.2.0.jar;E:\Soporte pagos\Dixon\TrabajoRemoto\aldeamo\repository\org\junit\platform\junit-platform-commons\1.8.2\junit-platform-commons-1.8.2.jar;E:\Soporte pagos\Dixon\TrabajoRemoto\aldeamo\repository\org\apiguardian\apiguardian-api\1.1.2\apiguardian-api-1.1.2.jar;E:\Soporte pagos\Dixon\TrabajoRemoto\aldeamo\repository\org\junit\jupiter\junit-jupiter-params\5.8.2\junit-jupiter-params-5.8.2.jar;E:\Soporte pagos\Dixon\TrabajoRemoto\aldeamo\repository\org\junit\jupiter\junit-jupiter-engine\5.8.2\junit-jupiter-engine-5.8.2.jar;E:\Soporte pagos\Dixon\TrabajoRemoto\aldeamo\repository\org\junit\platform\junit-platform-engine\1.8.2\junit-platform-engine-1.8.2.jar;E:\Soporte pagos\Dixon\TrabajoRemoto\aldeamo\repository\org\mockito\mockito-core\4.5.1\mockito-core-4.5.1.jar;E:\Soporte pagos\Dixon\TrabajoRemoto\aldeamo\repository\net\bytebuddy\byte-buddy-agent\1.12.11\byte-buddy-agent-1.12.11.jar;E:\Soporte pagos\Dixon\TrabajoRemoto\aldeamo\repository\org\objenesis\objenesis\3.2\objenesis-3.2.jar;E:\Soporte pagos\Dixon\TrabajoRemoto\aldeamo\repository\org\mockito\mockito-junit-jupiter\4.5.1\mockito-junit-jupiter-4.5.1.jar;E:\Soporte pagos\Dixon\TrabajoRemoto\aldeamo\repository\org\skyscreamer\jsonassert\1.5.0\jsonassert-1.5.0.jar;E:\Soporte pagos\Dixon\TrabajoRemoto\aldeamo\repository\com\vaadin\external\google\android-json\0.0.20131108.vaadin1\android-json-0.0.20131108.vaadin1.jar;E:\Soporte pagos\Dixon\TrabajoRemoto\aldeamo\repository\org\springframework\spring-core\5.3.21\spring-core-5.3.21.jar;E:\Soporte pagos\Dixon\TrabajoRemoto\aldeamo\repository\org\springframework\spring-jcl\5.3.21\spring-jcl-5.3.21.jar;E:\Soporte pagos\Dixon\TrabajoRemoto\aldeamo\repository\org\springframework\spring-test\5.3.21\spring-test-5.3.21.jar;E:\Soporte pagos\Dixon\TrabajoRemoto\aldeamo\repository\org\xmlunit\xmlunit-core\2.9.0\xmlunit-core-2.9.0.jar;"/>
    <property name="java.vm.vendor" value="Oracle Corporation"/>
    <property name="sun.arch.data.model" value="64"/>
    <property name="user.variant" value=""/>
    <property name="java.vendor.url" value="http://java.oracle.com/"/>
    <property name="user.timezone" value="America/Bogota"/>
    <property name="java.vm.specification.version" value="1.8"/>
    <property name="os.name" value="Windows 10"/>
    <property name="user.country" value="US"/>
    <property name="sun.java.launcher" value="SUN_STANDARD"/>
    <property name="sun.boot.library.path" value="E:\Program Files\Java\jdk1.8.0_331\jre\bin"/>
    <property name="sun.java.command" value="C:\Users\ELBART~1\AppData\Local\Temp\surefire6319060709550113370\surefirebooter6374838006501938355.jar C:\Users\el barto\AppData\Local\Temp\surefire6319060709550113370 2022-07-05T08-44-29_286-jvmRun1 surefire2006139305294006293tmp surefire_03092400067306409827tmp"/>
    <property name="surefire.test.class.path" value="E:\Soporte pagos\Dixon\TrabajoRemoto\aldeamo\test\target\test-classes;E:\Soporte pagos\Dixon\TrabajoRemoto\aldeamo\test\target\classes;E:\Soporte pagos\Dixon\TrabajoRemoto\aldeamo\repository\org\springframework\boot\spring-boot-starter-data-jpa\2.7.1\spring-boot-starter-data-jpa-2.7.1.jar;E:\Soporte pagos\Dixon\TrabajoRemoto\aldeamo\repository\org\springframework\boot\spring-boot-starter-aop\2.7.1\spring-boot-starter-aop-2.7.1.jar;E:\Soporte pagos\Dixon\TrabajoRemoto\aldeamo\repository\org\springframework\spring-aop\5.3.21\spring-aop-5.3.21.jar;E:\Soporte pagos\Dixon\TrabajoRemoto\aldeamo\repository\org\aspectj\aspectjweaver\1.9.7\aspectjweaver-1.9.7.jar;E:\Soporte pagos\Dixon\TrabajoRemoto\aldeamo\repository\org\springframework\boot\spring-boot-starter-jdbc\2.7.1\spring-boot-starter-jdbc-2.7.1.jar;E:\Soporte pagos\Dixon\TrabajoRemoto\aldeamo\repository\com\zaxxer\HikariCP\4.0.3\HikariCP-4.0.3.jar;E:\Soporte pagos\Dixon\TrabajoRemoto\aldeamo\repository\org\springframework\spring-jdbc\5.3.21\spring-jdbc-5.3.21.jar;E:\Soporte pagos\Dixon\TrabajoRemoto\aldeamo\repository\jakarta\transaction\jakarta.transaction-api\1.3.3\jakarta.transaction-api-1.3.3.jar;E:\Soporte pagos\Dixon\TrabajoRemoto\aldeamo\repository\jakarta\persistence\jakarta.persistence-api\2.2.3\jakarta.persistence-api-2.2.3.jar;E:\Soporte pagos\Dixon\TrabajoRemoto\aldeamo\repository\org\hibernate\hibernate-core\5.6.9.Final\hibernate-core-5.6.9.Final.jar;E:\Soporte pagos\Dixon\TrabajoRemoto\aldeamo\repository\org\jboss\logging\jboss-logging\3.4.3.Final\jboss-logging-3.4.3.Final.jar;E:\Soporte pagos\Dixon\TrabajoRemoto\aldeamo\repository\net\bytebuddy\byte-buddy\1.12.11\byte-buddy-1.12.11.jar;E:\Soporte pagos\Dixon\TrabajoRemoto\aldeamo\repository\antlr\antlr\2.7.7\antlr-2.7.7.jar;E:\Soporte pagos\Dixon\TrabajoRemoto\aldeamo\repository\org\jboss\jandex\2.4.2.Final\jandex-2.4.2.Final.jar;E:\Soporte pagos\Dixon\TrabajoRemoto\aldeamo\repository\com\fasterxml\classmate\1.5.1\classmate-1.5.1.jar;E:\Soporte pagos\Dixon\TrabajoRemoto\aldeamo\repository\org\hibernate\common\hibernate-commons-annotations\5.1.2.Final\hibernate-commons-annotations-5.1.2.Final.jar;E:\Soporte pagos\Dixon\TrabajoRemoto\aldeamo\repository\org\glassfish\jaxb\jaxb-runtime\2.3.6\jaxb-runtime-2.3.6.jar;E:\Soporte pagos\Dixon\TrabajoRemoto\aldeamo\repository\org\glassfish\jaxb\txw2\2.3.6\txw2-2.3.6.jar;E:\Soporte pagos\Dixon\TrabajoRemoto\aldeamo\repository\com\sun\istack\istack-commons-runtime\3.0.12\istack-commons-runtime-3.0.12.jar;E:\Soporte pagos\Dixon\TrabajoRemoto\aldeamo\repository\com\sun\activation\jakarta.activation\1.2.2\jakarta.activation-1.2.2.jar;E:\Soporte pagos\Dixon\TrabajoRemoto\aldeamo\repository\org\springframework\data\spring-data-jpa\2.7.1\spring-data-jpa-2.7.1.jar;E:\Soporte pagos\Dixon\TrabajoRemoto\aldeamo\repository\org\springframework\data\spring-data-commons\2.7.1\spring-data-commons-2.7.1.jar;E:\Soporte pagos\Dixon\TrabajoRemoto\aldeamo\repository\org\springframework\spring-orm\5.3.21\spring-orm-5.3.21.jar;E:\Soporte pagos\Dixon\TrabajoRemoto\aldeamo\repository\org\springframework\spring-context\5.3.21\spring-context-5.3.21.jar;E:\Soporte pagos\Dixon\TrabajoRemoto\aldeamo\repository\org\springframework\spring-tx\5.3.21\spring-tx-5.3.21.jar;E:\Soporte pagos\Dixon\TrabajoRemoto\aldeamo\repository\org\springframework\spring-beans\5.3.21\spring-beans-5.3.21.jar;E:\Soporte pagos\Dixon\TrabajoRemoto\aldeamo\repository\org\slf4j\slf4j-api\1.7.36\slf4j-api-1.7.36.jar;E:\Soporte pagos\Dixon\TrabajoRemoto\aldeamo\repository\org\springframework\spring-aspects\5.3.21\spring-aspects-5.3.21.jar;E:\Soporte pagos\Dixon\TrabajoRemoto\aldeamo\repository\org\springframework\boot\spring-boot-starter-web\2.7.1\spring-boot-starter-web-2.7.1.jar;E:\Soporte pagos\Dixon\TrabajoRemoto\aldeamo\repository\org\springframework\boot\spring-boot-starter\2.7.1\spring-boot-starter-2.7.1.jar;E:\Soporte pagos\Dixon\TrabajoRemoto\aldeamo\repository\org\springframework\boot\spring-boot\2.7.1\spring-boot-2.7.1.jar;E:\Soporte pagos\Dixon\TrabajoRemoto\aldeamo\repository\org\springframework\boot\spring-boot-autoconfigure\2.7.1\spring-boot-autoconfigure-2.7.1.jar;E:\Soporte pagos\Dixon\TrabajoRemoto\aldeamo\repository\org\springframework\boot\spring-boot-starter-logging\2.7.1\spring-boot-starter-logging-2.7.1.jar;E:\Soporte pagos\Dixon\TrabajoRemoto\aldeamo\repository\ch\qos\logback\logback-classic\1.2.11\logback-classic-1.2.11.jar;E:\Soporte pagos\Dixon\TrabajoRemoto\aldeamo\repository\ch\qos\logback\logback-core\1.2.11\logback-core-1.2.11.jar;E:\Soporte pagos\Dixon\TrabajoRemoto\aldeamo\repository\org\apache\logging\log4j\log4j-to-slf4j\2.17.2\log4j-to-slf4j-2.17.2.jar;E:\Soporte pagos\Dixon\TrabajoRemoto\aldeamo\repository\org\apache\logging\log4j\log4j-api\2.17.2\log4j-api-2.17.2.jar;E:\Soporte pagos\Dixon\TrabajoRemoto\aldeamo\repository\org\slf4j\jul-to-slf4j\1.7.36\jul-to-slf4j-1.7.36.jar;E:\Soporte pagos\Dixon\TrabajoRemoto\aldeamo\repository\jakarta\annotation\jakarta.annotation-api\1.3.5\jakarta.annotation-api-1.3.5.jar;E:\Soporte pagos\Dixon\TrabajoRemoto\aldeamo\repository\org\yaml\snakeyaml\1.30\snakeyaml-1.30.jar;E:\Soporte pagos\Dixon\TrabajoRemoto\aldeamo\repository\org\springframework\boot\spring-boot-starter-json\2.7.1\spring-boot-starter-json-2.7.1.jar;E:\Soporte pagos\Dixon\TrabajoRemoto\aldeamo\repository\com\fasterxml\jackson\core\jackson-databind\2.13.3\jackson-databind-2.13.3.jar;E:\Soporte pagos\Dixon\TrabajoRemoto\aldeamo\repository\com\fasterxml\jackson\core\jackson-annotations\2.13.3\jackson-annotations-2.13.3.jar;E:\Soporte pagos\Dixon\TrabajoRemoto\aldeamo\repository\com\fasterxml\jackson\core\jackson-core\2.13.3\jackson-core-2.13.3.jar;E:\Soporte pagos\Dixon\TrabajoRemoto\aldeamo\repository\com\fasterxml\jackson\datatype\jackson-datatype-jdk8\2.13.3\jackson-datatype-jdk8-2.13.3.jar;E:\Soporte pagos\Dixon\TrabajoRemoto\aldeamo\repository\com\fasterxml\jackson\datatype\jackson-datatype-jsr310\2.13.3\jackson-datatype-jsr310-2.13.3.jar;E:\Soporte pagos\Dixon\TrabajoRemoto\aldeamo\repository\com\fasterxml\jackson\module\jackson-module-parameter-names\2.13.3\jackson-module-parameter-names-2.13.3.jar;E:\Soporte pagos\Dixon\TrabajoRemoto\aldeamo\repository\org\springframework\boot\spring-boot-starter-tomcat\2.7.1\spring-boot-starter-tomcat-2.7.1.jar;E:\Soporte pagos\Dixon\TrabajoRemoto\aldeamo\repository\org\apache\tomcat\embed\tomcat-embed-core\9.0.64\tomcat-embed-core-9.0.64.jar;E:\Soporte pagos\Dixon\TrabajoRemoto\aldeamo\repository\org\apache\tomcat\embed\tomcat-embed-el\9.0.64\tomcat-embed-el-9.0.64.jar;E:\Soporte pagos\Dixon\TrabajoRemoto\aldeamo\repository\org\apache\tomcat\embed\tomcat-embed-websocket\9.0.64\tomcat-embed-websocket-9.0.64.jar;E:\Soporte pagos\Dixon\TrabajoRemoto\aldeamo\repository\org\springframework\spring-web\5.3.21\spring-web-5.3.21.jar;E:\Soporte pagos\Dixon\TrabajoRemoto\aldeamo\repository\org\springframework\spring-webmvc\5.3.21\spring-webmvc-5.3.21.jar;E:\Soporte pagos\Dixon\TrabajoRemoto\aldeamo\repository\org\springframework\spring-expression\5.3.21\spring-expression-5.3.21.jar;E:\Soporte pagos\Dixon\TrabajoRemoto\aldeamo\repository\com\h2database\h2\2.1.214\h2-2.1.214.jar;E:\Soporte pagos\Dixon\TrabajoRemoto\aldeamo\repository\org\springframework\boot\spring-boot-starter-test\2.7.1\spring-boot-starter-test-2.7.1.jar;E:\Soporte pagos\Dixon\TrabajoRemoto\aldeamo\repository\org\springframework\boot\spring-boot-test\2.7.1\spring-boot-test-2.7.1.jar;E:\Soporte pagos\Dixon\TrabajoRemoto\aldeamo\repository\org\springframework\boot\spring-boot-test-autoconfigure\2.7.1\spring-boot-test-autoconfigure-2.7.1.jar;E:\Soporte pagos\Dixon\TrabajoRemoto\aldeamo\repository\com\jayway\jsonpath\json-path\2.7.0\json-path-2.7.0.jar;E:\Soporte pagos\Dixon\TrabajoRemoto\aldeamo\repository\net\minidev\json-smart\2.4.8\json-smart-2.4.8.jar;E:\Soporte pagos\Dixon\TrabajoRemoto\aldeamo\repository\net\minidev\accessors-smart\2.4.8\accessors-smart-2.4.8.jar;E:\Soporte pagos\Dixon\TrabajoRemoto\aldeamo\repository\org\ow2\asm\asm\9.1\asm-9.1.jar;E:\Soporte pagos\Dixon\TrabajoRemoto\aldeamo\repository\jakarta\xml\bind\jakarta.xml.bind-api\2.3.3\jakarta.xml.bind-api-2.3.3.jar;E:\Soporte pagos\Dixon\TrabajoRemoto\aldeamo\repository\jakarta\activation\jakarta.activation-api\1.2.2\jakarta.activation-api-1.2.2.jar;E:\Soporte pagos\Dixon\TrabajoRemoto\aldeamo\repository\org\assertj\assertj-core\3.22.0\assertj-core-3.22.0.jar;E:\Soporte pagos\Dixon\TrabajoRemoto\aldeamo\repository\org\hamcrest\hamcrest\2.2\hamcrest-2.2.jar;E:\Soporte pagos\Dixon\TrabajoRemoto\aldeamo\repository\org\junit\jupiter\junit-jupiter\5.8.2\junit-jupiter-5.8.2.jar;E:\Soporte pagos\Dixon\TrabajoRemoto\aldeamo\repository\org\junit\jupiter\junit-jupiter-api\5.8.2\junit-jupiter-api-5.8.2.jar;E:\Soporte pagos\Dixon\TrabajoRemoto\aldeamo\repository\org\opentest4j\opentest4j\1.2.0\opentest4j-1.2.0.jar;E:\Soporte pagos\Dixon\TrabajoRemoto\aldeamo\repository\org\junit\platform\junit-platform-commons\1.8.2\junit-platform-commons-1.8.2.jar;E:\Soporte pagos\Dixon\TrabajoRemoto\aldeamo\repository\org\apiguardian\apiguardian-api\1.1.2\apiguardian-api-1.1.2.jar;E:\Soporte pagos\Dixon\TrabajoRemoto\aldeamo\repository\org\junit\jupiter\junit-jupiter-params\5.8.2\junit-jupiter-params-5.8.2.jar;E:\Soporte pagos\Dixon\TrabajoRemoto\aldeamo\repository\org\junit\jupiter\junit-jupiter-engine\5.8.2\junit-jupiter-engine-5.8.2.jar;E:\Soporte pagos\Dixon\TrabajoRemoto\aldeamo\repository\org\junit\platform\junit-platform-engine\1.8.2\junit-platform-engine-1.8.2.jar;E:\Soporte pagos\Dixon\TrabajoRemoto\aldeamo\repository\org\mockito\mockito-core\4.5.1\mockito-core-4.5.1.jar;E:\Soporte pagos\Dixon\TrabajoRemoto\aldeamo\repository\net\bytebuddy\byte-buddy-agent\1.12.11\byte-buddy-agent-1.12.11.jar;E:\Soporte pagos\Dixon\TrabajoRemoto\aldeamo\repository\org\objenesis\objenesis\3.2\objenesis-3.2.jar;E:\Soporte pagos\Dixon\TrabajoRemoto\aldeamo\repository\org\mockito\mockito-junit-jupiter\4.5.1\mockito-junit-jupiter-4.5.1.jar;E:\Soporte pagos\Dixon\TrabajoRemoto\aldeamo\repository\org\skyscreamer\jsonassert\1.5.0\jsonassert-1.5.0.jar;E:\Soporte pagos\Dixon\TrabajoRemoto\aldeamo\repository\com\vaadin\external\google\android-json\0.0.20131108.vaadin1\android-json-0.0.20131108.vaadin1.jar;E:\Soporte pagos\Dixon\TrabajoRemoto\aldeamo\repository\org\springframework\spring-core\5.3.21\spring-core-5.3.21.jar;E:\Soporte pagos\Dixon\TrabajoRemoto\aldeamo\repository\org\springframework\spring-jcl\5.3.21\spring-jcl-5.3.21.jar;E:\Soporte pagos\Dixon\TrabajoRemoto\aldeamo\repository\org\springframework\spring-test\5.3.21\spring-test-5.3.21.jar;E:\Soporte pagos\Dixon\TrabajoRemoto\aldeamo\repository\org\xmlunit\xmlunit-core\2.9.0\xmlunit-core-2.9.0.jar;"/>
    <property name="sun.cpu.endian" value="little"/>
    <property name="user.home" value="C:\Users\el barto"/>
    <property name="user.language" value="en"/>
    <property name="java.specification.vendor" value="Oracle Corporation"/>
    <property name="java.home" value="E:\Program Files\Java\jdk1.8.0_331\jre"/>
    <property name="basedir" value="E:\Soporte pagos\Dixon\TrabajoRemoto\aldeamo\test"/>
    <property name="file.separator" value="\"/>
    <property name="line.separator" value="&#10;"/>
    <property name="java.vm.specification.vendor" value="Oracle Corporation"/>
    <property name="java.specification.name" value="Java Platform API Specification"/>
    <property name="java.awt.graphicsenv" value="sun.awt.Win32GraphicsEnvironment"/>
    <property name="surefire.real.class.path" value="C:\Users\ELBART~1\AppData\Local\Temp\surefire6319060709550113370\surefirebooter6374838006501938355.jar"/>
    <property name="sun.boot.class.path" value="E:\Program Files\Java\jdk1.8.0_331\jre\lib\resources.jar;E:\Program Files\Java\jdk1.8.0_331\jre\lib\rt.jar;E:\Program Files\Java\jdk1.8.0_331\jre\lib\sunrsasign.jar;E:\Program Files\Java\jdk1.8.0_331\jre\lib\jsse.jar;E:\Program Files\Java\jdk1.8.0_331\jre\lib\jce.jar;E:\Program Files\Java\jdk1.8.0_331\jre\lib\charsets.jar;E:\Program Files\Java\jdk1.8.0_331\jre\lib\jfr.jar;E:\Program Files\Java\jdk1.8.0_331\jre\classes"/>
    <property name="user.script" value=""/>
    <property name="sun.management.compiler" value="HotSpot 64-Bit Tiered Compilers"/>
    <property name="java.runtime.version" value="1.8.0_331-b09"/>
    <property name="user.name" value="el barto"/>
    <property name="path.separator" value=";"/>
    <property name="os.version" value="10.0"/>
    <property name="java.endorsed.dirs" value="E:\Program Files\Java\jdk1.8.0_331\jre\lib\endorsed"/>
    <property name="java.runtime.name" value="Java(TM) SE Runtime Environment"/>
    <property name="file.encoding" value="Cp1252"/>
    <property name="java.vm.name" value="Java HotSpot(TM) 64-Bit Server VM"/>
    <property name="localRepository" value="E:\Soporte pagos\Dixon\TrabajoRemoto\aldeamo\repository"/>
    <property name="java.vendor.url.bug" value="http://bugreport.sun.com/bugreport/"/>
    <property name="java.io.tmpdir" value="C:\Users\ELBART~1\AppData\Local\Temp\"/>
    <property name="java.version" value="1.8.0_331"/>
    <property name="user.dir" value="E:\Soporte pagos\Dixon\TrabajoRemoto\aldeamo\test"/>
    <property name="os.arch" value="amd64"/>
    <property name="java.vm.specification.name" value="Java Virtual Machine Specification"/>
    <property name="java.awt.printerjob" value="sun.awt.windows.WPrinterJob"/>
    <property name="sun.os.patch.level" value=""/>
    <property name="java.library.path" value="E:\Program Files\Java\jdk1.8.0_331\jre\bin;C:\WINDOWS\Sun\Java\bin;C:\WINDOWS\system32;C:\WINDOWS;E:/Program Files/Java/jre1.8.0_331/bin/server;E:/Program Files/Java/jre1.8.0_331/bin;E:/Program Files/Java/jre1.8.0_331/lib/amd64;C:\Program Files (x86)\Common Files\Oracle\Java\javapath;C:\ProgramData\Oracle\Java\javapath;C:\Program Files (x86)\Intel\iCLS Client\;C:\Program Files\Intel\iCLS Client\;C:\Windows\system32;C:\Windows;C:\Windows\System32\Wbem;C:\Windows\System32\WindowsPowerShell\v1.0\;C:\Program Files (x86)\NVIDIA Corporation\PhysX\Common;C:\Program Files (x86)\Intel\Intel(R) Management Engine Components\DAL;C:\Program Files\Intel\Intel(R) Management Engine Components\DAL;C:\Program Files (x86)\Intel\Intel(R) Management Engine Components\IPT;C:\Program Files\Intel\Intel(R) Management Engine Components\IPT;C:\WINDOWS\system32;C:\WINDOWS;C:\WINDOWS\System32\Wbem;C:\WINDOWS\System32\WindowsPowerShell\v1.0\;C:\Program Files (x86)\Microsoft SQL Server\100\Tools\Binn\;C:\Program Files\Microsoft SQL Server\100\Tools\Binn\;C:\Program Files\Microsoft SQL Server\100\DTS\Binn\;C:\Program Files (x86)\Microsoft SQL Server\100\Tools\Binn\VSShell\Common7\IDE\;C:\Program Files (x86)\Microsoft SQL Server\100\DTS\Binn\;C:\Program Files\Java\jre1.8.0_161\bin;E:\Program Files\VisualSVN Server\bin;C:\WINDOWS\System32\OpenSSH\;E:\Program Files\nodejs\;C:\Program Files\Gemalto\Gemalto Document Reader x64\3.4.2.5\Bin;E:\Program Files\PuTTY\;C:\Users\el barto\AppData\Local\Microsoft\WindowsApps;C:\Users\el barto\AppData\Local\GitHubDesktop\bin;C:\Users\el barto\AppData\Roaming\npm;E:\Dixon\Angular\Microsoft VS Code\bin;C:\Users\el barto\AppData\Local\Microsoft\WindowsApps;;E:\Soporte pagos\Dixon\TrabajoRemoto\aldeamo\eclipse-jee-2020-06-R-win32-x86_64\eclipse;;."/>
    <property name="java.vm.info" value="mixed mode"/>
    <property name="java.vendor" value="Oracle Corporation"/>
    <property name="java.vm.version" value="25.331-b09"/>
    <property name="java.ext.dirs" value="E:\Program Files\Java\jdk1.8.0_331\jre\lib\ext;C:\WINDOWS\Sun\Java\lib\ext"/>
    <property name="sun.io.unicode.encoding" value="UnicodeLittle"/>
    <property name="java.class.version" value="52.0"/>
  </properties>
  <testcase name="contextLoads" classname="com.aldeamo.test.TestApplicationTests" time="0.074"/>
</testsuite>